12:55:03 INFO  : Registering command handlers for SDK TCF services
12:55:04 INFO  : Launching XSCT server: xsct.bat -interactive C:\Users\s369027\lab1\lab1.sdk\temp_xsdb_launch_script.tcl
12:55:07 INFO  : XSCT server has started successfully.
12:55:13 INFO  : Successfully done setting XSCT server connection channel  
12:55:13 INFO  : Successfully done setting SDK workspace  
12:55:13 INFO  : Processing command line option -hwspec C:/Users/s369027/lab1/lab1.sdk/design_1_wrapper.hdf.
10:19:40 INFO  : Registering command handlers for SDK TCF services
10:19:41 INFO  : Launching XSCT server: xsct.bat -interactive H:\lab1\lab1.sdk\temp_xsdb_launch_script.tcl
10:19:44 INFO  : XSCT server has started successfully.
10:19:47 INFO  : Processing command line option -hwspec H:/lab1/lab1.sdk/design_1_wrapper.hdf.
10:19:47 INFO  : Successfully done setting XSCT server connection channel  
10:19:47 INFO  : Successfully done setting SDK workspace  
10:24:20 INFO  : Launching XSCT server: xsct.bat -interactive H:\lab1\lab1.sdk\temp_xsdb_launch_script.tcl
10:24:21 INFO  : XSCT server has started successfully.
10:24:23 INFO  : Successfully done setting XSCT server connection channel  
10:24:23 INFO  : Successfully done setting SDK workspace  
10:24:23 INFO  : Registering command handlers for SDK TCF services
10:24:24 INFO  : Processing command line option -hwspec H:/lab1/lab1.sdk/design_1_wrapper.hdf.
10:24:24 INFO  : Checking for hwspec changes in the project design_1_wrapper_hw_platform_1.
10:26:37 INFO  : Registering command handlers for SDK TCF services
10:26:37 INFO  : Launching XSCT server: xsct.bat -interactive H:\lab1\lab1.sdk\temp_xsdb_launch_script.tcl
10:26:38 INFO  : XSCT server has started successfully.
10:26:39 INFO  : Processing command line option -hwspec H:/lab1/lab1.sdk/design_1_wrapper.hdf.
10:26:39 INFO  : Successfully done setting XSCT server connection channel  
10:26:39 INFO  : Checking for hwspec changes in the project design_1_wrapper_hw_platform_1.
10:26:39 INFO  : Successfully done setting SDK workspace  
13:37:05 INFO  : Registering command handlers for SDK TCF services
13:37:06 INFO  : Launching XSCT server: xsct.bat -interactive H:\lab1\lab1.sdk\temp_xsdb_launch_script.tcl
13:37:09 INFO  : XSCT server has started successfully.
13:37:09 INFO  : Successfully done setting XSCT server connection channel  
13:37:14 INFO  : Successfully done setting SDK workspace  
13:37:14 INFO  : Processing command line option -hwspec H:/lab1/lab1.sdk/design_1_wrapper.hdf.
13:37:14 INFO  : Checking for hwspec changes in the project design_1_wrapper_hw_platform_1.
14:08:30 INFO  : Registering command handlers for SDK TCF services
14:08:31 INFO  : Launching XSCT server: xsct.bat -interactive H:\lab1\lab1.sdk\temp_xsdb_launch_script.tcl
14:08:34 INFO  : XSCT server has started successfully.
14:08:38 INFO  : Successfully done setting XSCT server connection channel  
14:08:38 INFO  : Processing command line option -hwspec H:/lab1/lab1.sdk/design_1_wrapper.hdf.
14:08:38 INFO  : Successfully done setting SDK workspace  
14:08:38 INFO  : Checking for hwspec changes in the project design_1_wrapper_hw_platform_1.
