10:59:44 INFO  : Registering command handlers for SDK TCF services
10:59:44 INFO  : Launching XSCT server: xsct.bat -interactive H:\lab1\temp_xsdb_launch_script.tcl
10:59:47 INFO  : XSCT server has started successfully.
10:59:50 INFO  : Processing command line option -hwspec H:/lab1.
10:59:50 INFO  : Successfully done setting XSCT server connection channel  
10:59:50 INFO  : Successfully done setting SDK workspace  
10:59:50 ERROR : Error occurred while creating hardware platform lab1_hw_platform_0 from sysdef
java.io.FileNotFoundException: H:\lab1 (Отказано в доступе)
	at java.io.FileInputStream.open0(Native Method)
	at java.io.FileInputStream.open(FileInputStream.java:195)
	at java.io.FileInputStream.<init>(FileInputStream.java:138)
	at java.io.FileInputStream.<init>(FileInputStream.java:93)
	at com.xilinx.sdk.hw.internal.HwProjectCreator.createHwProjectFromZip(HwProjectCreator.java:101)
	at com.xilinx.sdk.hw.HwProjectUtil.internalCreate(HwProjectUtil.java:278)
	at com.xilinx.sdk.hw.HwProjectUtil.makeNewHardwareProject(HwProjectUtil.java:222)
	at com.xilinx.sdk.hw.HwProjectUtil.makeNewHardwareProject(HwProjectUtil.java:209)
	at com.xilinx.sdk.hw.HwProjectUtil.makeNewHardwareProject(HwProjectUtil.java:183)
	at com.xilinx.sdk.startup.InitSDK.processHwSpecArgumentTask(InitSDK.java:517)
	at com.xilinx.sdk.startup.InitSDK.access$8(InitSDK.java:499)
	at com.xilinx.sdk.startup.InitSDK$12.run(InitSDK.java:449)
	at org.eclipse.core.internal.jobs.Worker.run(Worker.java:55)
10:59:50 ERROR : Unable to create Hardware Specification Project with specification file: H:/lab1
11:01:21 INFO  : Registering command handlers for SDK TCF services
11:01:22 INFO  : Launching XSCT server: xsct.bat -interactive H:\lab1\temp_xsdb_launch_script.tcl
11:01:24 INFO  : XSCT server has started successfully.
11:01:24 INFO  : Processing command line option -hwspec H:/lab1.
11:01:24 INFO  : Successfully done setting XSCT server connection channel  
11:01:24 INFO  : Successfully done setting SDK workspace  
11:01:24 ERROR : Error occurred while creating hardware platform lab1_hw_platform_1 from sysdef
java.io.FileNotFoundException: H:\lab1 (Отказано в доступе)
	at java.io.FileInputStream.open0(Native Method)
	at java.io.FileInputStream.open(FileInputStream.java:195)
	at java.io.FileInputStream.<init>(FileInputStream.java:138)
	at java.io.FileInputStream.<init>(FileInputStream.java:93)
	at com.xilinx.sdk.hw.internal.HwProjectCreator.createHwProjectFromZip(HwProjectCreator.java:101)
	at com.xilinx.sdk.hw.HwProjectUtil.internalCreate(HwProjectUtil.java:278)
	at com.xilinx.sdk.hw.HwProjectUtil.makeNewHardwareProject(HwProjectUtil.java:222)
	at com.xilinx.sdk.hw.HwProjectUtil.makeNewHardwareProject(HwProjectUtil.java:209)
	at com.xilinx.sdk.hw.HwProjectUtil.makeNewHardwareProject(HwProjectUtil.java:183)
	at com.xilinx.sdk.startup.InitSDK.processHwSpecArgumentTask(InitSDK.java:517)
	at com.xilinx.sdk.startup.InitSDK.access$8(InitSDK.java:499)
	at com.xilinx.sdk.startup.InitSDK$12.run(InitSDK.java:449)
	at org.eclipse.core.internal.jobs.Worker.run(Worker.java:55)
11:01:24 ERROR : Unable to create Hardware Specification Project with specification file: H:/lab1
